        -:    0:Source:romanos.cpp
        -:    1:#include "romanos.hpp"
        -:    2:
      156:    3:int valor_romano(char algarismo) {
      156:    4:  switch(algarismo) {
        2:    5:    case 'I':
        2:    6:      return 1;
        2:    7:    case 'V':
        2:    8:      return 5;
        2:    9:    case 'X':
        2:   10:      return 10;
        2:   11:    case 'L':
        2:   12:      return 50;
        2:   13:    case 'C':
        2:   14:      return 100;
        2:   15:    case 'D':
        2:   16:      return 500;
        2:   17:    case 'M':
        2:   18:      return 1000;
      142:   19:    default:
      142:   20:      return -1; 
        -:   21:  }
        -:   22:}
        -:   23:
       52:   24:int romanos_para_decimal(const char* num_romano) {
       52:   25:  int resultado = 0;
       52:   26:  int i = 0; 
      104:   27:  while (num_romano[i]) {
       52:   28:    if (valor_romano(num_romano[i]) < valor_romano(num_romano[i + 1])) {
    #####:   29:        resultado -= valor_romano(num_romano[i]);
        -:   30:      } else {
       52:   31:          resultado += valor_romano(num_romano[i]);
        -:   32:      }
       52:   33:      i++;
        -:   34:    }
        -:   35:    
       52:   36:  return resultado;
        -:   37:}
